[10:48:05.334] [INFO] Storybook Upgrade - v9.1.3
[10:48:05.364] [INFO] detect-projects-spinner-start: Detecting projects...
[10:48:05.367] [DEBUG] Finding Storybook projects...
[10:48:05.861] [DEBUG] Found 1 Storybook projects
[10:48:05.861] [INFO] detect-projects-spinner: Detecting projects: 1 projects
[10:48:05.861] [DEBUG] Getting Storybook data...
[10:48:05.861] [DEBUG] Getting Storybook info...
[10:48:05.862] [DEBUG] Loading main config...
[10:48:06.174] [DEBUG] Getting stories paths...
[10:48:06.203] [DEBUG] Getting package manager...
[10:48:06.801] [DEBUG] Getting Storybook version...
[10:48:06.802] [DEBUG] /.storybook - Validating before version... 8.6.14
[10:48:06.802] [DEBUG] /.storybook - Validating upgrade compatibility...
[10:48:06.802] [DEBUG] /.storybook - Fetching NPM version information...
[10:48:06.802] [DEBUG] Getting CLI versions from NPM for storybook...
[10:48:06.803] [DEBUG] Getting CLI versions from NPM for storybook@next...
[10:48:07.263] [DEBUG] /.storybook - Evaluating blockers...
[10:48:07.288] [DEBUG] Getting installed version for @storybook/experimental-addon-test...
[10:48:09.570] [INFO] detect-projects-spinner-stop: 1 project detected
[10:48:09.570] [DEBUG] Found 1 valid projects and 0 error projects
[10:48:09.570] [INFO] Upgrading from 8.6.14 to 9.1.3
[10:48:09.621] [INFO] upgrade-dependencies-task-start: Fetching versions to update package.json files..
[10:48:09.621] [DEBUG] Updating dependencies in /.storybook...
[10:48:09.658] [INFO] upgrade-dependencies-task: /package.json
[10:48:09.659] [DEBUG] {
  "upgradedDependencies": []
}
[10:48:09.659] [DEBUG] {
  "upgradedDevDependencies": [
    "@storybook/addon-a11y@9.1.3",
    "@storybook/addon-docs@9.1.3",
    "@storybook/angular@9.1.3",
    "eslint-plugin-storybook@9.1.3"
  ]
}
[10:48:09.659] [DEBUG] {
  "upgradedPeerDependencies": []
}
[10:48:09.660] [DEBUG] Getting CLI versions from NPM for @storybook/addon-a11y...
[10:48:10.195] [DEBUG] Getting CLI versions from NPM for @storybook/addon-docs...
[10:48:10.817] [DEBUG] Getting CLI versions from NPM for @storybook/angular...
[10:48:11.667] [DEBUG] Getting CLI versions from NPM for eslint-plugin-storybook...
[10:48:12.136] [INFO] upgrade-dependencies-task-success: Updated package versions in package.json files
[10:48:12.136] [INFO] detect-automigrations-task-start: Detecting automigrations...
[10:48:12.137] [DEBUG] Starting automigration collection across 1 projects and 15 fixes...
[10:48:12.201] [INFO] detect-automigrations-task: Checking automigrations for /.storybook...
[10:48:12.201] [DEBUG] Processing project: /.storybook
[10:48:12.201] [DEBUG] Checking fix eslintPlugin for project /.storybook...
[10:48:12.204] [DEBUG] Checking fix addon-mdx-gfm-remove for project /.storybook...
[10:48:12.205] [DEBUG] Checking fix addon-storysource-code-panel for project /.storybook...
[10:48:12.205] [DEBUG] Checking fix upgrade-storybook-related-dependencies for project /.storybook...
[10:48:12.205] [DEBUG] Checking for incompatible storybook packages...
[10:48:12.207] [DEBUG] Getting installed version for @storybook/addon-essentials...
[10:48:12.208] [DEBUG] Getting installed version for @storybook/blocks...
[10:48:14.950] [DEBUG] An issue occurred while trying to find dependencies metadata using npm.
[10:48:14.950] [DEBUG] Getting CLI versions from NPM for @storybook/blocks...
[10:48:14.951] [DEBUG] An issue occurred while trying to find dependencies metadata using npm.
[10:48:14.951] [DEBUG] Getting CLI versions from NPM for @storybook/addon-essentials...
[10:48:15.553] [DEBUG] Checking fix initial-globals for project /.storybook...
[10:48:15.572] [DEBUG] Checking fix addon-a11y-addon-test for project /.storybook...
[10:48:15.572] [DEBUG] Checking fix consolidated-imports for project /.storybook...
[10:48:15.576] [DEBUG] Checking fix addon-experimental-test for project /.storybook...
[10:48:15.576] [DEBUG] Using cached installed version for @storybook/experimental-addon-test...
[10:48:15.576] [DEBUG] Checking fix rnstorybook-config for project /.storybook...
[10:48:15.576] [DEBUG] Checking fix remove-addon-interactions for project /.storybook...
[10:48:15.576] [DEBUG] Checking fix renderer-to-framework for project /.storybook...
[10:48:15.577] [DEBUG] Checking fix remove-essential-addons for project /.storybook...
[10:48:15.577] [DEBUG] Checking fix addon-a11y-parameters for project /.storybook...
[10:48:15.588] [DEBUG] Checking fix remove-docs-autodocs for project /.storybook...
[10:48:15.591] [DEBUG] Checking fix wrap-require for project /.storybook...
[10:48:15.623] [INFO] detect-automigrations-task: 
Automigrations detected:
[10:48:15.665] [INFO] detect-automigrations-task: ✔ consolidated-imports
[10:48:15.695] [INFO] detect-automigrations-task: ✔ remove-essential-addons
[10:48:15.736] [INFO] detect-automigrations-task: ✔ remove-docs-autodocs
[10:48:15.736] [INFO] detect-automigrations-task-success: 3 automigration(s) detected
[10:49:11.112] [PROMPT] Select automigrations to run {"choice":["remove-essential-addons","remove-docs-autodocs","consolidated-imports"]}
[10:49:11.113] [INFO] automigrate-/.storybook-task-start: Running automigrations for /.storybook
[10:49:11.193] [INFO] automigrate-/.storybook-task: ✔ consolidated-imports
[10:49:11.194] [DEBUG] Uninstalling @storybook/addon-essentials
[10:49:11.195] [DEBUG] Removing '@storybook/addon-essentials' from main.js addons field.
[10:49:11.211] [DEBUG] Getting Storybook info...
[10:49:11.212] [DEBUG] Loading main config...
[10:49:11.216] [DEBUG] Getting stories paths...
[10:49:11.217] [DEBUG] Getting package manager...
[10:49:11.278] [DEBUG] Getting Storybook version...
[10:49:11.304] [INFO] automigrate-/.storybook-task: Verifying @storybook/addon-docs
[10:49:11.324] [INFO] automigrate-/.storybook-task: Installing @storybook/addon-docs@9.1.3
[10:49:11.324] [DEBUG] Using cached version for @storybook/addon-docs...
[10:49:11.342] [INFO] automigrate-/.storybook-task: Adding '@storybook/addon-docs' to the "addons" field in
/Users/tsanevd/Desktop/Clarity/ng-clarity/.storybook/main.js
[10:49:11.371] [INFO] automigrate-/.storybook-task: ✔ remove-essential-addons
[10:49:11.389] [INFO] automigrate-/.storybook-task: 🔄 Updating docs parameter in main config file...
[10:49:11.412] [INFO] automigrate-/.storybook-task: 🔄 Updating tags parameter in preview config file...
[10:49:11.446] [INFO] automigrate-/.storybook-task: ✔ remove-docs-autodocs
[10:49:11.446] [INFO] automigrate-/.storybook-task-success: Completed automigrations for /.storybook
[10:49:11.446] [INFO] Installing dependencies...
[10:49:11.446] [INFO] install-dependencies-task-start: Installing dependencies...
[10:49:21.959] [INFO] > prepare
> husky install && patch-package
[10:49:22.003] [INFO] install-dependencies-task: > prepare
> husky install && patch-package
[10:49:22.382] [INFO] husky - Git hooks installed
[10:49:22.421] [INFO] install-dependencies-task: husky - Git hooks installed
[10:49:23.035] [INFO] patch-package 6.4.7
[10:49:23.102] [INFO] install-dependencies-task: patch-package 6.4.7
[10:49:23.102] [INFO] Applying patches...
@semantic-release/release-notes-generator@10.0.3 ✔
eslint-plugin-import@2.26.0 ✔
semantic-release@19.0.3 ✔

added 10 packages, removed 87 packages, changed 18 packages, and audited 2276 packages in 11s

321 packages are looking for funding
  run `npm fund` for details
[10:49:23.130] [INFO] install-dependencies-task: Applying patches...
@semantic-release/release-notes-generator@10.0.3 ✔
eslint-plugin-import@2.26.0 ✔
semantic-release@19.0.3 ✔

added 10 packages, removed 87 packages, changed 18 packages, and audited 2276
packages in 11s

321 packages are looking for funding
run `npm fund` for details
[10:49:23.130] [INFO] 54 vulnerabilities (11 low, 20 moderate, 21 high, 2 critical)

To address issues that do not require attention, run:
  npm audit fix

To address all issues possible (including breaking changes), run:
  npm audit fix --force

Some issues need review, and may require choosing
a different dependency.

Run `npm audit` for details.
[10:49:23.164] [INFO] install-dependencies-task: 54 vulnerabilities (11 low, 20 moderate, 21 high, 2 critical)

To address issues that do not require attention, run:
npm audit fix

To address all issues possible (including breaking changes), run:
npm audit fix --force

Some issues need review, and may require choosing
a different dependency.

Run `npm audit` for details.
[10:49:23.164] [INFO] Dependencies installed
[10:49:23.164] [INFO] install-dependencies-task-success: Dependencies installed
[10:49:23.165] [INFO] Checking the health of your project(s)..
[10:49:25.278] [WARN] /.storybook: 1 issue found
[10:49:25.312] [INFO] The "storybook" package was not found in your package.json.
Installing "storybook" as a direct dev dependency in your package.json is required.
[10:49:25.312] [INFO] Missing Storybook Dependency
[10:49:25.345] [INFO] The "storybook" package was not found in your package.json.
Installing "storybook" as a direct dev dependency in your package.json is required.
[10:49:25.370] [INFO] Storybook doctor is complete!
[10:49:25.399] [INFO] You can always recheck the health of your project(s) by running:
npx storybook doctor
[10:49:25.422] [INFO] The upgrade is complete!
[10:49:25.453] [INFO] Your project(s) have been upgraded successfully, but some issues were found which need your attention, please check Storybook doctor logs above.
[10:49:25.548] [INFO] If you want to learn more about the automigrations that executed in your project(s), please check the following links:

• consolidated-imports
• remove-essential-addons
• remove-docs-autodocs
[10:49:25.569] [INFO] For a full list of changes, please check our migration guide: https://storybook.js.org/docs/migration-guide?ref=upgrade
[10:49:25.592] [INFO] Attention: Storybook now collects completely anonymous telemetry regarding usage. This information is used to shape Storybook's roadmap and prioritize features.
[10:49:25.619] [INFO] You can learn more, including how to opt-out if you'd not like to participate in this anonymous program, by visiting the following URL:
[10:49:25.637] [INFO] https://storybook.js.org/telemetry
[10:49:25.660] [INFO] 